<?xml version="1.0" encoding="UTF-8"?>
<!-- Generated by org.testng.reporters.JUnitReportReporter -->
<testsuite skipped="0" hostname="DESKTOP-MEULL2C" name="com.supermarket.tests.HomeTest" tests="1" failures="0" timestamp="12 Jan 2023 16:11:58 GMT" time="5.021" errors="0">
  <testcase name="home" time="5.021" classname="com.supermarket.tests.HomeTest"/>
</testsuite> <!-- com.supermarket.tests.HomeTest -->
