<?xml version="1.0" encoding="UTF-8"?>
<!-- Generated by org.testng.reporters.JUnitReportReporter -->
<testsuite skipped="0" hostname="DESKTOP-MEULL2C" name="com.supermarket.tests.LoginTest" tests="1" failures="0" timestamp="12 Jan 2023 16:11:58 GMT" time="8.730" errors="0">
  <testcase name="loginwithValidCredentials" time="8.730" classname="com.supermarket.tests.LoginTest"/>
</testsuite> <!-- com.supermarket.tests.LoginTest -->
