<?xml version="1.0" encoding="UTF-8"?>
<!-- Generated by org.testng.reporters.JUnitReportReporter -->
<testsuite skipped="0" hostname="DESKTOP-MEULL2C" name="com.supermarket.tests.ManageProductsTests" tests="5" failures="0" timestamp="05 Jan 2023 16:10:01 GMT" time="34.815" errors="0">
  <testcase name="loginHomePage" time="10.557" classname="com.supermarket.tests.ManageProductsTests"/>
  <testcase name="editButton" time="9.490" classname="com.supermarket.tests.ManageProductsTests"/>
  <testcase name="stockStatusButton" time="7.434" classname="com.supermarket.tests.ManageProductsTests"/>
  <testcase name="stockQuantityButton" time="6.764" classname="com.supermarket.tests.ManageProductsTests"/>
  <testcase name="homePage" time="0.570" classname="com.supermarket.tests.ManageProductsTests"/>
</testsuite> <!-- com.supermarket.tests.ManageProductsTests -->
